[1] "successfully load the data"
[1] "successfully arrange the data in 18 * 20 grids."
[1] "The best h for the expected number of clusters is 0.3"
[1] "successfully lower the ranks of $ hour into 6 clusters."
[1] "The best h for the expected number of clusters is 0.6"
[1] "successfully lower the ranks of $ ugrid.id into 14 clusters."
[1] "Data preparation finished after 5.113 seconds"
[2] "Data preparation finished after 0.09 seconds" 
[3] "Data preparation finished after 5.202 seconds"
[4] "Data preparation finished after 0 seconds"    
[5] "Data preparation finished after 0 seconds"    
# weights:  310 (270 variable)
initial  value 794794.809471 
iter  10 value 612306.371092
iter  20 value 603483.509924
iter  30 value 599378.734549
iter  40 value 596848.338346
iter  50 value 595015.903002
iter  60 value 593189.360658
iter  70 value 591496.245773
iter  80 value 589636.180359
iter  90 value 587120.563295
iter 100 value 585292.862914
iter 110 value 584074.024386
iter 120 value 582700.679041
iter 130 value 581579.197658
iter 140 value 581074.389962
iter 150 value 580848.918708
iter 160 value 580569.909833
iter 170 value 580400.414135
iter 180 value 580320.422667
iter 190 value 580272.805281
iter 200 value 580242.994060
iter 210 value 580220.697174
iter 220 value 580200.328109
iter 230 value 580186.636824
iter 240 value 580185.059907
iter 250 value 580184.303545
final  value 580183.924698 
converged
[1] "Regression model converged in 681.369 seconds"
[2] "Regression model converged in 0.261 seconds"  
[3] "Regression model converged in 681.741 seconds"
[4] "Regression model converged in 0 seconds"      
[5] "Regression model converged in 0 seconds"      
[1] "Model summary finished after 2025.54 seconds" 
[2] "Model summary finished after 3.287 seconds"   
[3] "Model summary finished after 2028.903 seconds"
[4] "Model summary finished after 0 seconds"       
[5] "Model summary finished after 0 seconds"       
[1] "133021 correct predictions out of 345175 . Rate: 0.385372637068154"
