[1] "successfully load the data"
[1] "successfully arrange the data in 36 * 40 grids."
[1] "The best h for the expected number of clusters is 0.3"
[1] "successfully lower the ranks of $ hour into 6 clusters."
[1] "The best h for the expected number of clusters is 0.724"
[1] "successfully lower the ranks of $ ugrid.id into 20 clusters."
[1] "Data preparation finished after 5.381 seconds"
[2] "Data preparation finished after 0.087 seconds"
[3] "Data preparation finished after 5.467 seconds"
[4] "Data preparation finished after 0 seconds"    
[5] "Data preparation finished after 0 seconds"    
# weights:  370 (324 variable)
initial  value 794794.809471 
iter  10 value 610940.025160
iter  20 value 592455.224310
iter  30 value 585471.686937
iter  40 value 581897.422905
iter  50 value 579306.366008
iter  60 value 577188.138708
iter  70 value 575429.896519
iter  80 value 572762.502005
iter  90 value 571018.729485
iter 100 value 567612.193303
iter 110 value 565313.038319
iter 120 value 564356.191408
iter 130 value 563581.568131
iter 140 value 563174.031049
iter 150 value 562695.464941
iter 160 value 562412.303226
iter 170 value 561990.893352
iter 180 value 561740.181109
iter 190 value 561487.869467
iter 200 value 561409.224410
iter 210 value 561384.523678
iter 220 value 561375.434438
iter 230 value 561370.494577
iter 240 value 561365.432617
iter 250 value 561360.032353
iter 260 value 561356.181267
iter 270 value 561355.335224
final  value 561355.257489 
converged
[1] "Regression model converged in 798.841 seconds"
[2] "Regression model converged in 0.308 seconds"  
[3] "Regression model converged in 799.585 seconds"
[4] "Regression model converged in 0 seconds"      
[5] "Regression model converged in 0 seconds"      
[1] "Model summary finished after 2914.397 seconds"
[2] "Model summary finished after 4.019 seconds"   
[3] "Model summary finished after 2919.442 seconds"
[4] "Model summary finished after 0 seconds"       
[5] "Model summary finished after 0 seconds"       
[1] "142429 correct predictions out of 345175 . Rate: 0.412628376910263"
