[1] "successfully load the data"
[1] "successfully arrange the data in 54 * 60 grids."
[1] "The best h for the expected number of clusters is 0.3"
[1] "successfully lower the ranks of $ hour into 6 clusters."
[1] "The best h for the expected number of clusters is 0.7568"
[1] "successfully lower the ranks of $ ugrid.id into 21 clusters."
[1] "Data preparation finished after 5.555 seconds"
[2] "Data preparation finished after 0.084 seconds"
[3] "Data preparation finished after 5.644 seconds"
[4] "Data preparation finished after 0 seconds"    
[5] "Data preparation finished after 0 seconds"    
# weights:  380 (333 variable)
initial  value 794794.809471 
iter  10 value 583184.666998
iter  20 value 570865.114815
iter  30 value 567207.096801
iter  40 value 564627.470765
iter  50 value 561722.821547
iter  60 value 558739.701163
iter  70 value 555827.016486
iter  80 value 552304.093625
iter  90 value 549023.766314
iter 100 value 546517.773110
iter 110 value 543842.084460
iter 120 value 540367.335599
iter 130 value 538766.934732
iter 140 value 537843.265275
iter 150 value 537394.401548
iter 160 value 537101.603919
iter 170 value 536891.937952
iter 180 value 536731.746949
iter 190 value 536548.036329
iter 200 value 536470.657364
iter 210 value 536435.808419
iter 220 value 536412.148027
iter 230 value 536387.943256
iter 240 value 536375.629579
iter 250 value 536369.607147
iter 260 value 536366.154626
iter 270 value 536364.096353
iter 280 value 536363.137736
iter 290 value 536362.330221
iter 300 value 536361.317506
iter 310 value 536360.754151
iter 320 value 536360.417685
iter 330 value 536359.903143
iter 340 value 536359.359275
iter 350 value 536359.140228
iter 360 value 536359.015891
iter 360 value 536359.014160
iter 360 value 536359.014117
final  value 536359.014117 
converged
[1] "Regression model converged in 1193.287 seconds"
[2] "Regression model converged in 0.271 seconds"   
[3] "Regression model converged in 1193.697 seconds"
[4] "Regression model converged in 0 seconds"       
[5] "Regression model converged in 0 seconds"       
[1] "Model summary finished after 3008.371 seconds"
[2] "Model summary finished after 3.941 seconds"   
[3] "Model summary finished after 3012.41 seconds" 
[4] "Model summary finished after 0 seconds"       
[5] "Model summary finished after 0 seconds"       
[1] "152697 correct predictions out of 345175 . Rate: 0.442375606576374"
